import {Fragment as _Fragment, jsx as _jsx, jsxs as _jsxs} from 'react/jsx-runtime'
+import {useMDXComponents as _provideComponents} from '@mdx-js/react'

export function Thing() {
  return _jsx(_Fragment, {children: 'World'})
}

function _createMdxContent(props) {
  const _components = {
    h1: 'h1',
+    ..._provideComponents(),
    ...props.components
  }
  return _jsxs(_components.h1, {children: ['Hello ', _jsx(Thing, {})]})
}

export default function MDXContent(props = {}) {
-  const {wrapper: MDXLayout} = props.components || {}
+  const {wrapper: MDXLayout} = {
+    ..._provideComponents(),
+    ...props.components
+  }

  return MDXLayout
    ? _jsx(MDXLayout, {...props, children: _jsx(_createMdxContent, {})})
    : _createMdxContent()
